c:\users\bodin\onedrive - groupe esiea\documents\cours_2023-2024\inf1032_algo\tp_final\23-24_supersmash\sps24_basecode\sps\x64\debug\vc143.pdb
c:\users\bodin\onedrive - groupe esiea\documents\cours_2023-2024\inf1032_algo\tp_final\23-24_supersmash\sps24_basecode\sps\x64\debug\vc143.idb
c:\users\bodin\onedrive - groupe esiea\documents\cours_2023-2024\inf1032_algo\tp_final\23-24_supersmash\sps24_basecode\sps\x64\debug\firewarrior.obj
c:\users\bodin\onedrive - groupe esiea\documents\cours_2023-2024\inf1032_algo\tp_final\23-24_supersmash\sps24_basecode\sps\x64\debug\debuginput.obj
c:\users\bodin\onedrive - groupe esiea\documents\cours_2023-2024\inf1032_algo\tp_final\23-24_supersmash\sps24_basecode\sps\x64\debug\debugcamera.obj
c:\users\bodin\onedrive - groupe esiea\documents\cours_2023-2024\inf1032_algo\tp_final\23-24_supersmash\sps24_basecode\sps\x64\debug\controlsinput.obj
c:\users\bodin\onedrive - groupe esiea\documents\cours_2023-2024\inf1032_algo\tp_final\23-24_supersmash\sps24_basecode\sps\x64\debug\titlemanager.obj
c:\users\bodin\onedrive - groupe esiea\documents\cours_2023-2024\inf1032_algo\tp_final\23-24_supersmash\sps24_basecode\sps\x64\debug\uititlebackground.obj
c:\users\bodin\onedrive - groupe esiea\documents\cours_2023-2024\inf1032_algo\tp_final\23-24_supersmash\sps24_basecode\sps\x64\debug\uitextlist.obj
c:\users\bodin\onedrive - groupe esiea\documents\cours_2023-2024\inf1032_algo\tp_final\23-24_supersmash\sps24_basecode\sps\x64\debug\uistagepage.obj
c:\users\bodin\onedrive - groupe esiea\documents\cours_2023-2024\inf1032_algo\tp_final\23-24_supersmash\sps24_basecode\sps\x64\debug\uidefaultcursor.obj
c:\users\bodin\onedrive - groupe esiea\documents\cours_2023-2024\inf1032_algo\tp_final\23-24_supersmash\sps24_basecode\sps\x64\debug\uidefaultbutton.obj
c:\users\bodin\onedrive - groupe esiea\documents\cours_2023-2024\inf1032_algo\tp_final\23-24_supersmash\sps24_basecode\sps\x64\debug\platform.obj
c:\users\bodin\onedrive - groupe esiea\documents\cours_2023-2024\inf1032_algo\tp_final\23-24_supersmash\sps24_basecode\sps\x64\debug\gamecommon.obj
c:\users\bodin\onedrive - groupe esiea\documents\cours_2023-2024\inf1032_algo\tp_final\23-24_supersmash\sps24_basecode\sps\x64\debug\gameassets.obj
c:\users\bodin\onedrive - groupe esiea\documents\cours_2023-2024\inf1032_algo\tp_final\23-24_supersmash\sps24_basecode\sps\x64\debug\damager.obj
c:\users\bodin\onedrive - groupe esiea\documents\cours_2023-2024\inf1032_algo\tp_final\23-24_supersmash\sps24_basecode\sps\x64\debug\potion.obj
c:\users\bodin\onedrive - groupe esiea\documents\cours_2023-2024\inf1032_algo\tp_final\23-24_supersmash\sps24_basecode\sps\x64\debug\rockypassstage.obj
c:\users\bodin\onedrive - groupe esiea\documents\cours_2023-2024\inf1032_algo\tp_final\23-24_supersmash\sps24_basecode\sps\x64\debug\lightningwarrior.obj
c:\users\bodin\onedrive - groupe esiea\documents\cours_2023-2024\inf1032_algo\tp_final\23-24_supersmash\sps24_basecode\sps\x64\debug\basescenemanager.obj
c:\users\bodin\onedrive - groupe esiea\documents\cours_2023-2024\inf1032_algo\tp_final\23-24_supersmash\sps24_basecode\sps\x64\debug\background.obj
c:\users\bodin\onedrive - groupe esiea\documents\cours_2023-2024\inf1032_algo\tp_final\23-24_supersmash\sps24_basecode\sps\x64\debug\applicationinput.obj
c:\users\bodin\onedrive - groupe esiea\documents\cours_2023-2024\inf1032_algo\tp_final\23-24_supersmash\sps24_basecode\sps\x64\debug\uititlepage.obj
c:\users\bodin\onedrive - groupe esiea\documents\cours_2023-2024\inf1032_algo\tp_final\23-24_supersmash\sps24_basecode\sps\x64\debug\terrain.obj
c:\users\bodin\onedrive - groupe esiea\documents\cours_2023-2024\inf1032_algo\tp_final\23-24_supersmash\sps24_basecode\sps\x64\debug\stagemanager.obj
c:\users\bodin\onedrive - groupe esiea\documents\cours_2023-2024\inf1032_algo\tp_final\23-24_supersmash\sps24_basecode\sps\x64\debug\playerai.obj
c:\users\bodin\onedrive - groupe esiea\documents\cours_2023-2024\inf1032_algo\tp_final\23-24_supersmash\sps24_basecode\sps\x64\debug\player.obj
c:\users\bodin\onedrive - groupe esiea\documents\cours_2023-2024\inf1032_algo\tp_final\23-24_supersmash\sps24_basecode\sps\x64\debug\uipausemenu.obj
c:\users\bodin\onedrive - groupe esiea\documents\cours_2023-2024\inf1032_algo\tp_final\23-24_supersmash\sps24_basecode\sps\x64\debug\mouseinput.obj
c:\users\bodin\onedrive - groupe esiea\documents\cours_2023-2024\inf1032_algo\tp_final\23-24_supersmash\sps24_basecode\sps\x64\debug\maincamera.obj
c:\users\bodin\onedrive - groupe esiea\documents\cours_2023-2024\inf1032_algo\tp_final\23-24_supersmash\sps24_basecode\sps\x64\debug\main.obj
c:\users\bodin\onedrive - groupe esiea\documents\cours_2023-2024\inf1032_algo\tp_final\23-24_supersmash\sps24_basecode\sps\x64\debug\uistagehud.obj
c:\users\bodin\onedrive - groupe esiea\documents\cours_2023-2024\inf1032_algo\tp_final\23-24_supersmash\sps24_basecode\x64\debug\sps.lib
c:\users\bodin\onedrive - groupe esiea\documents\cours_2023-2024\inf1032_algo\tp_final\23-24_supersmash\sps24_basecode\x64\debug\sps.exp
c:\users\bodin\onedrive - groupe esiea\documents\cours_2023-2024\inf1032_algo\tp_final\23-24_supersmash\sps24_basecode\x64\debug\sps.exe
c:\users\bodin\onedrive - groupe esiea\documents\cours_2023-2024\inf1032_algo\tp_final\23-24_supersmash\sps24_basecode\sps\x64\debug\sps.ilk
c:\users\bodin\onedrive - groupe esiea\documents\cours_2023-2024\inf1032_algo\tp_final\23-24_supersmash\sps24_basecode\x64\debug\sps.pdb
c:\users\bodin\onedrive - groupe esiea\documents\cours_2023-2024\inf1032_algo\tp_final\23-24_supersmash\sps24_basecode\sps\x64\debug\sps.tlog\cl.command.1.tlog
c:\users\bodin\onedrive - groupe esiea\documents\cours_2023-2024\inf1032_algo\tp_final\23-24_supersmash\sps24_basecode\sps\x64\debug\sps.tlog\cl.read.1.tlog
c:\users\bodin\onedrive - groupe esiea\documents\cours_2023-2024\inf1032_algo\tp_final\23-24_supersmash\sps24_basecode\sps\x64\debug\sps.tlog\cl.write.1.tlog
c:\users\bodin\onedrive - groupe esiea\documents\cours_2023-2024\inf1032_algo\tp_final\23-24_supersmash\sps24_basecode\sps\x64\debug\sps.tlog\link.command.1.tlog
c:\users\bodin\onedrive - groupe esiea\documents\cours_2023-2024\inf1032_algo\tp_final\23-24_supersmash\sps24_basecode\sps\x64\debug\sps.tlog\link.read.1.tlog
c:\users\bodin\onedrive - groupe esiea\documents\cours_2023-2024\inf1032_algo\tp_final\23-24_supersmash\sps24_basecode\sps\x64\debug\sps.tlog\link.write.1.tlog
c:\users\bodin\onedrive - groupe esiea\documents\cours_2023-2024\inf1032_algo\tp_final\23-24_supersmash\sps24_basecode\sps\x64\debug\sps.tlog\link.write.2u.tlog
