c:\users\bodin\onedrive - groupe esiea\documents\cours_2023-2024\inf1032_algo\tp_final\23-24_supersmash\sps24_basecode\x64\debug\gameengine.pdb
c:\users\bodin\onedrive - groupe esiea\documents\cours_2023-2024\inf1032_algo\tp_final\23-24_supersmash\sps24_basecode\x64\debug\gameengine.idb
c:\users\bodin\onedrive - groupe esiea\documents\cours_2023-2024\inf1032_algo\tp_final\23-24_supersmash\sps24_basecode\gameengine\x64\debug\scene.obj
c:\users\bodin\onedrive - groupe esiea\documents\cours_2023-2024\inf1032_algo\tp_final\23-24_supersmash\sps24_basecode\gameengine\x64\debug\timer.obj
c:\users\bodin\onedrive - groupe esiea\documents\cours_2023-2024\inf1032_algo\tp_final\23-24_supersmash\sps24_basecode\gameengine\x64\debug\text.obj
c:\users\bodin\onedrive - groupe esiea\documents\cours_2023-2024\inf1032_algo\tp_final\23-24_supersmash\sps24_basecode\gameengine\x64\debug\spriteanim.obj
c:\users\bodin\onedrive - groupe esiea\documents\cours_2023-2024\inf1032_algo\tp_final\23-24_supersmash\sps24_basecode\gameengine\x64\debug\renderer.obj
c:\users\bodin\onedrive - groupe esiea\documents\cours_2023-2024\inf1032_algo\tp_final\23-24_supersmash\sps24_basecode\gameengine\x64\debug\spritesheet.obj
c:\users\bodin\onedrive - groupe esiea\documents\cours_2023-2024\inf1032_algo\tp_final\23-24_supersmash\sps24_basecode\gameengine\x64\debug\easingfct.obj
c:\users\bodin\onedrive - groupe esiea\documents\cours_2023-2024\inf1032_algo\tp_final\23-24_supersmash\sps24_basecode\gameengine\x64\debug\animator.obj
c:\users\bodin\onedrive - groupe esiea\documents\cours_2023-2024\inf1032_algo\tp_final\23-24_supersmash\sps24_basecode\gameengine\x64\debug\animation.obj
c:\users\bodin\onedrive - groupe esiea\documents\cours_2023-2024\inf1032_algo\tp_final\23-24_supersmash\sps24_basecode\gameengine\x64\debug\particlesystem.obj
c:\users\bodin\onedrive - groupe esiea\documents\cours_2023-2024\inf1032_algo\tp_final\23-24_supersmash\sps24_basecode\gameengine\x64\debug\objectmanager.obj
c:\users\bodin\onedrive - groupe esiea\documents\cours_2023-2024\inf1032_algo\tp_final\23-24_supersmash\sps24_basecode\gameengine\x64\debug\inputmanager.obj
c:\users\bodin\onedrive - groupe esiea\documents\cours_2023-2024\inf1032_algo\tp_final\23-24_supersmash\sps24_basecode\gameengine\x64\debug\inputgroup.obj
c:\users\bodin\onedrive - groupe esiea\documents\cours_2023-2024\inf1032_algo\tp_final\23-24_supersmash\sps24_basecode\gameengine\x64\debug\gizmos.obj
c:\users\bodin\onedrive - groupe esiea\documents\cours_2023-2024\inf1032_algo\tp_final\23-24_supersmash\sps24_basecode\gameengine\x64\debug\gameobject.obj
c:\users\bodin\onedrive - groupe esiea\documents\cours_2023-2024\inf1032_algo\tp_final\23-24_supersmash\sps24_basecode\gameengine\x64\debug\gamebody.obj
c:\users\bodin\onedrive - groupe esiea\documents\cours_2023-2024\inf1032_algo\tp_final\23-24_supersmash\sps24_basecode\gameengine\x64\debug\common.obj
c:\users\bodin\onedrive - groupe esiea\documents\cours_2023-2024\inf1032_algo\tp_final\23-24_supersmash\sps24_basecode\gameengine\x64\debug\color.obj
c:\users\bodin\onedrive - groupe esiea\documents\cours_2023-2024\inf1032_algo\tp_final\23-24_supersmash\sps24_basecode\gameengine\x64\debug\camera.obj
c:\users\bodin\onedrive - groupe esiea\documents\cours_2023-2024\inf1032_algo\tp_final\23-24_supersmash\sps24_basecode\gameengine\x64\debug\assetmanager.obj
c:\users\bodin\onedrive - groupe esiea\documents\cours_2023-2024\inf1032_algo\tp_final\23-24_supersmash\sps24_basecode\gameengine\x64\debug\utils.obj
c:\users\bodin\onedrive - groupe esiea\documents\cours_2023-2024\inf1032_algo\tp_final\23-24_supersmash\sps24_basecode\gameengine\x64\debug\uitext.obj
c:\users\bodin\onedrive - groupe esiea\documents\cours_2023-2024\inf1032_algo\tp_final\23-24_supersmash\sps24_basecode\gameengine\x64\debug\uiselectablegroup.obj
c:\users\bodin\onedrive - groupe esiea\documents\cours_2023-2024\inf1032_algo\tp_final\23-24_supersmash\sps24_basecode\gameengine\x64\debug\uiselectable.obj
c:\users\bodin\onedrive - groupe esiea\documents\cours_2023-2024\inf1032_algo\tp_final\23-24_supersmash\sps24_basecode\gameengine\x64\debug\uiobject.obj
c:\users\bodin\onedrive - groupe esiea\documents\cours_2023-2024\inf1032_algo\tp_final\23-24_supersmash\sps24_basecode\gameengine\x64\debug\uiitemlist.obj
c:\users\bodin\onedrive - groupe esiea\documents\cours_2023-2024\inf1032_algo\tp_final\23-24_supersmash\sps24_basecode\gameengine\x64\debug\uiinput.obj
c:\users\bodin\onedrive - groupe esiea\documents\cours_2023-2024\inf1032_algo\tp_final\23-24_supersmash\sps24_basecode\gameengine\x64\debug\uiimage.obj
c:\users\bodin\onedrive - groupe esiea\documents\cours_2023-2024\inf1032_algo\tp_final\23-24_supersmash\sps24_basecode\gameengine\x64\debug\uigridlayout.obj
c:\users\bodin\onedrive - groupe esiea\documents\cours_2023-2024\inf1032_algo\tp_final\23-24_supersmash\sps24_basecode\gameengine\x64\debug\uifillrect.obj
c:\users\bodin\onedrive - groupe esiea\documents\cours_2023-2024\inf1032_algo\tp_final\23-24_supersmash\sps24_basecode\gameengine\x64\debug\uicanvas.obj
c:\users\bodin\onedrive - groupe esiea\documents\cours_2023-2024\inf1032_algo\tp_final\23-24_supersmash\sps24_basecode\gameengine\x64\debug\uibutton.obj
c:\users\bodin\onedrive - groupe esiea\documents\cours_2023-2024\inf1032_algo\tp_final\23-24_supersmash\sps24_basecode\gameengine\x64\debug\uibaselist.obj
c:\users\bodin\onedrive - groupe esiea\documents\cours_2023-2024\inf1032_algo\tp_final\23-24_supersmash\sps24_basecode\gameengine\x64\debug\uianimator.obj
c:\users\bodin\onedrive - groupe esiea\documents\cours_2023-2024\inf1032_algo\tp_final\23-24_supersmash\sps24_basecode\gameengine\x64\debug\scenemanager.obj
c:\users\bodin\onedrive - groupe esiea\documents\cours_2023-2024\inf1032_algo\tp_final\23-24_supersmash\sps24_basecode\gameengine\x64\debug\cjson.obj
c:\users\bodin\onedrive - groupe esiea\documents\cours_2023-2024\inf1032_algo\tp_final\23-24_supersmash\sps24_basecode\x64\debug\gameengine.lib
c:\users\bodin\onedrive - groupe esiea\documents\cours_2023-2024\inf1032_algo\tp_final\23-24_supersmash\sps24_basecode\gameengine\x64\debug\gameengine.tlog\cl.command.1.tlog
c:\users\bodin\onedrive - groupe esiea\documents\cours_2023-2024\inf1032_algo\tp_final\23-24_supersmash\sps24_basecode\gameengine\x64\debug\gameengine.tlog\cl.read.1.tlog
c:\users\bodin\onedrive - groupe esiea\documents\cours_2023-2024\inf1032_algo\tp_final\23-24_supersmash\sps24_basecode\gameengine\x64\debug\gameengine.tlog\cl.write.1.tlog
c:\users\bodin\onedrive - groupe esiea\documents\cours_2023-2024\inf1032_algo\tp_final\23-24_supersmash\sps24_basecode\gameengine\x64\debug\gameengine.tlog\lib-link.read.1.tlog
c:\users\bodin\onedrive - groupe esiea\documents\cours_2023-2024\inf1032_algo\tp_final\23-24_supersmash\sps24_basecode\gameengine\x64\debug\gameengine.tlog\lib-link.write.1.tlog
c:\users\bodin\onedrive - groupe esiea\documents\cours_2023-2024\inf1032_algo\tp_final\23-24_supersmash\sps24_basecode\gameengine\x64\debug\gameengine.tlog\lib.command.1.tlog
