  AssetManager.cpp
  Camera.cpp
  Color.cpp
  Common.cpp
  GameBody.cpp
  GameObject.cpp
  Gizmos.cpp
  InputGroup.cpp
  InputManager.cpp
  ObjectManager.cpp
  ParticleSystem.cpp
  Animation.cpp
  Animator.cpp
  EasingFct.cpp
  SpriteSheet.cpp
  Renderer.cpp
  SpriteAnim.cpp
  Text.cpp
  Timer.cpp
  Scene.cpp
  Génération de code en cours...
  Compilation en cours...
  SceneManager.cpp
  UIAnimator.cpp
  UIBaseList.cpp
  UIButton.cpp
  UICanvas.cpp
  UIFIllRect.cpp
  UIGridLayout.cpp
  UIImage.cpp
  UIInput.cpp
  UIItemList.cpp
  UIObject.cpp
  UISelectable.cpp
  UISelectableGroup.cpp
  UIText.cpp
  Utils.cpp
  Génération de code en cours...
  cJSON.c
  GameEngine.vcxproj -> D:\Cours\tp s2\x64\Debug\GameEngine.lib
